TN:
SF:src/app.ts
FN:19,(anonymous_14)
FN:19,(anonymous_15)
FNF:2
FNH:0
FNDA:0,(anonymous_14)
FNDA:0,(anonymous_15)
DA:1,1
DA:2,1
DA:3,1
DA:4,1
DA:5,1
DA:7,1
DA:8,1
DA:11,1
DA:13,1
DA:14,1
DA:15,1
DA:16,1
DA:19,1
DA:20,0
DA:22,1
DA:24,1
LF:16
LH:15
BRDA:7,0,0,1
BRF:1
BRH:1
end_of_record
TN:
SF:src/config/hash.ts
FN:12,(anonymous_14)
FN:21,(anonymous_17)
FN:21,(anonymous_18)
FNF:3
FNH:0
FNDA:0,(anonymous_14)
FNDA:0,(anonymous_17)
FNDA:0,(anonymous_18)
DA:2,1
DA:12,1
DA:13,0
DA:15,0
DA:21,1
DA:22,0
DA:24,1
LF:7
LH:4
BRDA:13,0,0,0
BRF:1
BRH:0
end_of_record
TN:
SF:src/config/jwt.ts
FN:10,(anonymous_0)
FN:19,(anonymous_1)
FNF:2
FNH:0
FNDA:0,(anonymous_0)
FNDA:0,(anonymous_1)
DA:1,1
DA:7,1
DA:10,1
DA:12,0
DA:19,1
DA:20,0
DA:21,0
DA:23,0
LF:8
LH:4
BRF:0
BRH:0
end_of_record
TN:
SF:src/config/validation.ts
FN:127,(anonymous_3)
FN:129,(anonymous_5)
FN:135,(anonymous_6)
FNF:3
FNH:2
FNDA:2,(anonymous_3)
FNDA:0,(anonymous_5)
FNDA:1,(anonymous_6)
DA:1,1
DA:15,1
DA:102,1
DA:127,1
DA:129,1
DA:131,0
DA:132,0
DA:135,1
DA:136,2
DA:137,1
DA:138,1
DA:141,1
DA:143,1
LF:13
LH:11
BRF:0
BRH:0
end_of_record
TN:
SF:src/config/errors/custom-errors.ts
FN:1,(anonymous_6)
FN:4,customError
FNF:2
FNH:1
FNDA:1,(anonymous_6)
FNDA:0,customError
DA:1,1
DA:5,0
DA:7,0
DA:14,1
LF:4
LH:2
BRDA:5,0,0,0
BRDA:5,0,1,0
BRF:2
BRH:0
end_of_record
TN:
SF:src/controllers/auth.ts
FN:10,(anonymous_14)
FN:10,(anonymous_15)
FN:17,(anonymous_17)
FN:46,(anonymous_18)
FN:52,(anonymous_19)
FN:52,(anonymous_20)
FN:58,(anonymous_22)
FNF:7
FNH:2
FNDA:0,(anonymous_14)
FNDA:0,(anonymous_15)
FNDA:0,(anonymous_17)
FNDA:0,(anonymous_18)
FNDA:1,(anonymous_19)
FNDA:1,(anonymous_20)
FNDA:0,(anonymous_22)
DA:2,1
DA:4,1
DA:5,1
DA:7,1
DA:10,1
DA:11,0
DA:14,0
DA:15,0
DA:16,0
DA:17,0
DA:18,0
DA:22,0
DA:24,0
DA:27,0
DA:38,0
DA:41,0
DA:42,0
DA:45,0
DA:46,0
DA:47,0
DA:52,1
DA:53,1
DA:55,1
DA:56,0
DA:57,0
DA:58,0
DA:59,0
DA:61,0
DA:76,1
LF:29
LH:9
BRDA:22,0,0,0
BRDA:15,1,0,0
BRDA:41,2,0,0
BRDA:41,2,1,0
BRDA:56,3,0,0
BRDA:56,4,0,0
BRDA:56,4,1,0
BRF:7
BRH:0
end_of_record
TN:
SF:src/middleware/errorMiddleware.ts
FN:4,(anonymous_0)
FNF:1
FNH:0
FNDA:0,(anonymous_0)
DA:2,1
DA:3,1
DA:4,1
DA:11,0
DA:12,0
DA:17,0
DA:19,0
LF:7
LH:3
BRDA:11,0,0,0
BRF:1
BRH:0
end_of_record
TN:
SF:src/middleware/validationMiddleware.ts
FN:5,(anonymous_14)
FN:5,(anonymous_15)
FN:14,(anonymous_17)
FN:22,(anonymous_18)
FN:22,(anonymous_19)
FN:29,(anonymous_21)
FNF:6
FNH:2
FNDA:0,(anonymous_14)
FNDA:0,(anonymous_15)
FNDA:0,(anonymous_17)
FNDA:1,(anonymous_18)
FNDA:1,(anonymous_19)
FNDA:0,(anonymous_21)
DA:1,1
DA:5,1
DA:10,0
DA:11,0
DA:14,0
DA:22,1
DA:23,1
DA:26,1
DA:29,0
DA:31,1
LF:10
LH:6
BRDA:10,0,0,0
BRDA:11,1,0,0
BRDA:11,1,1,0
BRDA:23,2,0,1
BRDA:26,3,0,1
BRDA:26,3,1,0
BRF:6
BRH:2
end_of_record
TN:
SF:src/models/user.ts
FN:69,(anonymous_1)
FNF:1
FNH:0
FNDA:0,(anonymous_1)
DA:1,1
DA:32,1
DA:69,1
DA:70,0
DA:73,1
DA:75,1
LF:6
LH:5
BRF:0
BRH:0
end_of_record
TN:
SF:src/routes/auth.ts
FNF:0
FNH:0
DA:1,1
DA:2,1
DA:3,1
DA:4,1
DA:5,1
DA:7,1
DA:9,1
LF:7
LH:7
BRF:0
BRH:0
end_of_record
